Using pre-set license
Built from '2021.3/staging' branch; Version is '2021.3.3f1 (af2e63e8f9bd) revision 11480675'; Using compiler version '192829333'; Build Type 'Release'
OS: 'Windows 11  (10.0.22631) 64bit CoreSingleLanguage' Language: 'en' Physical Memory: 16113 MB
BatchMode: 1, IsHumanControllingUs: 0, StartBugReporterOnCrash: 0, Is64bit: 1, IsPro: 1

COMMAND LINE ARGUMENTS:
C:\Program Files\Unity\Hub\Editor\2021.3.3f1\Editor\Unity.exe
-adb2
-batchMode
-noUpm
-name
AssetImportWorker0
-projectPath
D:/Github/WTFxIGDC2024/WTFxIGDC2024
-logFile
Logs/AssetImportWorker0.log
-srvPort
56671
Successfully changed project path to: D:/Github/WTFxIGDC2024/WTFxIGDC2024
D:/Github/WTFxIGDC2024/WTFxIGDC2024
[UnityMemory] Configuration Parameters - Can be set up in boot.config
    "memorysetup-bucket-allocator-granularity=16"
    "memorysetup-bucket-allocator-bucket-count=8"
    "memorysetup-bucket-allocator-block-size=33554432"
    "memorysetup-bucket-allocator-block-count=8"
    "memorysetup-main-allocator-block-size=16777216"
    "memorysetup-thread-allocator-block-size=16777216"
    "memorysetup-gfx-main-allocator-block-size=16777216"
    "memorysetup-gfx-thread-allocator-block-size=16777216"
    "memorysetup-cache-allocator-block-size=4194304"
    "memorysetup-typetree-allocator-block-size=2097152"
    "memorysetup-profiler-bucket-allocator-granularity=16"
    "memorysetup-profiler-bucket-allocator-bucket-count=8"
    "memorysetup-profiler-bucket-allocator-block-size=33554432"
    "memorysetup-profiler-bucket-allocator-block-count=8"
    "memorysetup-profiler-allocator-block-size=16777216"
    "memorysetup-profiler-editor-allocator-block-size=1048576"
    "memorysetup-temp-allocator-size-main=16777216"
    "memorysetup-job-temp-allocator-block-size=2097152"
    "memorysetup-job-temp-allocator-block-size-background=1048576"
    "memorysetup-job-temp-allocator-reduction-small-platforms=262144"
    "memorysetup-temp-allocator-size-background-worker=32768"
    "memorysetup-temp-allocator-size-job-worker=262144"
    "memorysetup-temp-allocator-size-preload-manager=33554432"
    "memorysetup-temp-allocator-size-nav-mesh-worker=65536"
    "memorysetup-temp-allocator-size-audio-worker=65536"
    "memorysetup-temp-allocator-size-cloud-worker=32768"
    "memorysetup-temp-allocator-size-gi-baking-worker=262144"
    "memorysetup-temp-allocator-size-gfx=262144"
Refreshing native plugins compatible for Editor in 235.24 ms, found 3 plugins.
Preloading 0 native plugins for Editor in 0.00 ms.
Initialize engine version: 2021.3.3f1 (af2e63e8f9bd)
[Subsystems] Discovering subsystems at path C:/Program Files/Unity/Hub/Editor/2021.3.3f1/Editor/Data/Resources/UnitySubsystems
[Subsystems] Discovering subsystems at path D:/Github/WTFxIGDC2024/WTFxIGDC2024/Assets
GfxDevice: creating device client; threaded=0; jobified=0
Direct3D:
    Version:  Direct3D 11.0 [level 11.1]
    Renderer: NVIDIA GeForce RTX 3060 Laptop GPU (ID=0x2520)
    Vendor:   NVIDIA
    VRAM:     5996 MB
    Driver:   32.0.15.6070
Initialize mono
Mono path[0] = 'C:/Program Files/Unity/Hub/Editor/2021.3.3f1/Editor/Data/Managed'
Mono path[1] = 'C:/Program Files/Unity/Hub/Editor/2021.3.3f1/Editor/Data/MonoBleedingEdge/lib/mono/unityjit-win32'
Mono config path = 'C:/Program Files/Unity/Hub/Editor/2021.3.3f1/Editor/Data/MonoBleedingEdge/etc'
Using monoOptions --debugger-agent=transport=dt_socket,embedding=1,server=y,suspend=n,address=127.0.0.1:56008
Begin MonoManager ReloadAssembly
Registering precompiled unity dll's ...
Register platform support module: C:/Program Files/Unity/Hub/Editor/2021.3.3f1/Editor/Data/PlaybackEngines/WebGLSupport/UnityEditor.WebGL.Extensions.dll
Register platform support module: C:/Program Files/Unity/Hub/Editor/2021.3.3f1/Editor/Data/PlaybackEngines/AndroidPlayer/UnityEditor.Android.Extensions.dll
Register platform support module: C:/Program Files/Unity/Hub/Editor/2021.3.3f1/Editor/Data/PlaybackEngines/iOSSupport/UnityEditor.iOS.Extensions.dll
Register platform support module: C:/Program Files/Unity/Hub/Editor/2021.3.3f1/Editor/Data/PlaybackEngines/WindowsStandaloneSupport/UnityEditor.WindowsStandalone.Extensions.dll
Registered in 0.009127 seconds.
Native extension for WindowsStandalone target not found
[usbmuxd] Start listen thread
[usbmuxd] Listen thread started
Native extension for iOS target not found
Native extension for Android target not found
Native extension for WebGL target not found
Refreshing native plugins compatible for Editor in 230.42 ms, found 3 plugins.
Preloading 0 native plugins for Editor in 0.00 ms.
Mono: successfully reloaded assembly
- Completed reload, in  0.870 seconds
Domain Reload Profiling:
	ReloadAssembly (871ms)
		BeginReloadAssembly (61ms)
			ExecutionOrderSort (0ms)
			DisableScriptedObjects (0ms)
			BackupInstance (0ms)
			ReleaseScriptingObjects (0ms)
			CreateAndSetChildDomain (1ms)
		EndReloadAssembly (618ms)
			LoadAssemblies (61ms)
			RebuildTransferFunctionScriptingTraits (0ms)
			SetupTypeCache (119ms)
			ReleaseScriptCaches (0ms)
			RebuildScriptCaches (23ms)
			SetupLoadedEditorAssemblies (421ms)
				LogAssemblyErrors (0ms)
				InitializePlatformSupportModulesInManaged (67ms)
				SetLoadedEditorAssemblies (0ms)
				RefreshPlugins (230ms)
				BeforeProcessingInitializeOnLoad (1ms)
				ProcessInitializeOnLoadAttributes (83ms)
				ProcessInitializeOnLoadMethodAttributes (39ms)
				AfterProcessingInitializeOnLoad (0ms)
				EditorAssembliesLoaded (0ms)
			ExecutionOrderSort2 (0ms)
			AwakeInstancesAfterBackupRestoration (0ms)
Platform modules already initialized, skipping
Registering precompiled user dll's ...
Registered in 0.004503 seconds.
Begin MonoManager ReloadAssembly
Symbol file LoadedFromMemory doesn't match image D:\Github\WTFxIGDC2024\WTFxIGDC2024\Library\PackageCache\com.unity.visualscripting@1.7.7\Editor\VisualScripting.Core\Dependencies\YamlDotNet\Unity.VisualScripting.YamlDotNet.dll
Symbol file LoadedFromMemory doesn't match image D:\Github\WTFxIGDC2024\WTFxIGDC2024\Library\PackageCache\com.unity.visualscripting@1.7.7\Editor\VisualScripting.Core\Dependencies\DotNetZip\Unity.VisualScripting.IonicZip.dll
Native extension for WindowsStandalone target not found
Native extension for iOS target not found
Native extension for Android target not found
Native extension for WebGL target not found
Refreshing native plugins compatible for Editor in 227.10 ms, found 3 plugins.
Preloading 0 native plugins for Editor in 0.00 ms.
Mono: successfully reloaded assembly
- Completed reload, in  1.586 seconds
Domain Reload Profiling:
	ReloadAssembly (1586ms)
		BeginReloadAssembly (215ms)
			ExecutionOrderSort (0ms)
			DisableScriptedObjects (6ms)
			BackupInstance (0ms)
			ReleaseScriptingObjects (0ms)
			CreateAndSetChildDomain (130ms)
		EndReloadAssembly (1282ms)
			LoadAssemblies (78ms)
			RebuildTransferFunctionScriptingTraits (0ms)
			SetupTypeCache (316ms)
			ReleaseScriptCaches (1ms)
			RebuildScriptCaches (52ms)
			SetupLoadedEditorAssemblies (796ms)
				LogAssemblyErrors (0ms)
				InitializePlatformSupportModulesInManaged (25ms)
				SetLoadedEditorAssemblies (0ms)
				RefreshPlugins (227ms)
				BeforeProcessingInitializeOnLoad (249ms)
				ProcessInitializeOnLoadAttributes (206ms)
				ProcessInitializeOnLoadMethodAttributes (83ms)
				AfterProcessingInitializeOnLoad (6ms)
				EditorAssembliesLoaded (0ms)
			ExecutionOrderSort2 (0ms)
			AwakeInstancesAfterBackupRestoration (5ms)
Platform modules already initialized, skipping
========================================================================
Worker process is ready to serve import requests
Launched and connected shader compiler UnityShaderCompiler.exe after 0.05 seconds
Refreshing native plugins compatible for Editor in 0.80 ms, found 3 plugins.
Preloading 0 native plugins for Editor in 0.00 ms.
Unloading 5242 Unused Serialized files (Serialized files now loaded: 0)
Unloading 39 unused Assets / (0.7 MB). Loaded Objects now: 5695.
Memory consumption went from 204.8 MB to 204.0 MB.
Total: 3.595700 ms (FindLiveObjects: 0.310100 ms CreateObjectMapping: 0.178600 ms MarkObjects: 2.881200 ms  DeleteObjects: 0.224600 ms)

AssetImportParameters requested are different than current active one (requested -> active):
  custom:video-decoder-ogg-theora: a1e56fd34408186e4bbccfd4996cb3dc -> 
  custom:container-muxer-webm: aa71ff27fc2769a1b78a27578f13a17b -> 
  custom:container-demuxer-webm: 4f35f7cbe854078d1ac9338744f61a02 -> 
  custom:video-encoder-webm-vp8: eb34c28f22e8b96e1ab97ce403110664 -> 
  custom:audio-encoder-webm-vorbis: bf7c407c2cedff20999df2af8eb42d56 -> 
  custom:framework-win-MediaFoundation: 216162199b28c13a410421893ffa2e32 -> 
  custom:container-demuxer-ogg: 62fdf1f143b41e24485cea50d1cbac27 -> 
  custom:video-decoder-webm-vp8: 9c59270c3fd7afecdb556c50c9e8de78 -> 
  custom:audio-decoder-ogg-vorbis: bf7c407c2cedff20999df2af8eb42d56 -> 
========================================================================
Received Import Request.
  Time since last request: 9169.285415 seconds.
  path: Assets/UniversalRenderPipelineGlobalSettings.asset
  artifactKey: Guid(38b35347542e5af4c9b140950c5b18db) Importer(815301076,1909f56bfc062723c751e8b465ee728b)
Start importing Assets/UniversalRenderPipelineGlobalSettings.asset using Guid(38b35347542e5af4c9b140950c5b18db) Importer(815301076,1909f56bfc062723c751e8b465ee728b)  -> (artifact id: '1051437d89fbe10386742c6c14916d75') in 0.026105 seconds 
========================================================================
Received Import Request.
  Time since last request: 0.304403 seconds.
  path: Assets
  artifactKey: Guid(00000000000000001000000000000000) Importer(815301076,1909f56bfc062723c751e8b465ee728b)
Start importing Assets using Guid(00000000000000001000000000000000) Importer(815301076,1909f56bfc062723c751e8b465ee728b)  -> (artifact id: '79842766b460edbeab6a34051e857a80') in 0.000674 seconds 
========================================================================
Received Import Request.
  Time since last request: 4.975685 seconds.
  path: Assets/Art
  artifactKey: Guid(279205d147ea40c469cff081d7a7f185) Importer(815301076,1909f56bfc062723c751e8b465ee728b)
Start importing Assets/Art using Guid(279205d147ea40c469cff081d7a7f185) Importer(815301076,1909f56bfc062723c751e8b465ee728b)  -> (artifact id: '41eeddda9aa7ed59f26e37ad54602a41') in 0.002954 seconds 
========================================================================
Received Import Request.
  Time since last request: 10.017423 seconds.
  path: Assets/Art/Models
  artifactKey: Guid(1e29fe973bef66e47af2b35ffa27eee3) Importer(815301076,1909f56bfc062723c751e8b465ee728b)
Start importing Assets/Art/Models using Guid(1e29fe973bef66e47af2b35ffa27eee3) Importer(815301076,1909f56bfc062723c751e8b465ee728b)  -> (artifact id: 'b2b384fc5ca22ff3e0000dfb68154cff') in 0.003490 seconds 
========================================================================
Received Import Request.
  Time since last request: 25.523454 seconds.
  path: Assets/Art/Models/Textures
  artifactKey: Guid(941346dc940d6404fb3988b5f674067b) Importer(815301076,1909f56bfc062723c751e8b465ee728b)
Start importing Assets/Art/Models/Textures using Guid(941346dc940d6404fb3988b5f674067b) Importer(815301076,1909f56bfc062723c751e8b465ee728b)  -> (artifact id: 'c74e1fe964b1369c90d225d1d929d9b2') in 0.002812 seconds 
========================================================================
Received Import Request.
  Time since last request: 0.065791 seconds.
  path: Assets/Art/Models/Textures/variation-a.png
  artifactKey: Guid(3edaaed786cae654a9fb213dcb6454df) Importer(815301076,1909f56bfc062723c751e8b465ee728b)
Start importing Assets/Art/Models/Textures/variation-a.png using Guid(3edaaed786cae654a9fb213dcb6454df) Importer(815301076,1909f56bfc062723c751e8b465ee728b)  -> (artifact id: '882db1d6a57fdb6b8b931763322d0df1') in 0.056200 seconds 
========================================================================
Received Import Request.
  Time since last request: 1.820886 seconds.
  path: Assets/Art/Models/FBX format
  artifactKey: Guid(e847be3e65a0cbf468c55f669bf0b796) Importer(815301076,1909f56bfc062723c751e8b465ee728b)
Start importing Assets/Art/Models/FBX format using Guid(e847be3e65a0cbf468c55f669bf0b796) Importer(815301076,1909f56bfc062723c751e8b465ee728b)  -> (artifact id: '320955a014022be2a139e48afbf24962') in 0.003149 seconds 
========================================================================
Received Import Request.
  Time since last request: 0.060562 seconds.
  path: Assets/Art/Models/FBX format/air-hockey.fbx
  artifactKey: Guid(0ea11b3438dc8be4ea95f6fed89757fe) Importer(815301076,1909f56bfc062723c751e8b465ee728b)
Start importing Assets/Art/Models/FBX format/air-hockey.fbx using Guid(0ea11b3438dc8be4ea95f6fed89757fe) Importer(815301076,1909f56bfc062723c751e8b465ee728b)  -> (artifact id: '1e247d6be8764654686ce127c9823b72') in 1.825592 seconds 
========================================================================
Received Import Request.
  Time since last request: 0.000057 seconds.
  path: Assets/Art/Models/FBX format/wall-corner.fbx
  artifactKey: Guid(dff77905e16fb284dbd88c301933bc3a) Importer(815301076,1909f56bfc062723c751e8b465ee728b)
Start importing Assets/Art/Models/FBX format/wall-corner.fbx using Guid(dff77905e16fb284dbd88c301933bc3a) Importer(815301076,1909f56bfc062723c751e8b465ee728b)  -> (artifact id: '357d170d27163077dab21b0f0e9d5658') in 0.041222 seconds 
========================================================================
Received Import Request.
  Time since last request: 0.000078 seconds.
  path: Assets/Art/Models/FBX format/ticket-machine.fbx
  artifactKey: Guid(614617124cfe3dc45b738dfa8d9f79e0) Importer(815301076,1909f56bfc062723c751e8b465ee728b)
Start importing Assets/Art/Models/FBX format/ticket-machine.fbx using Guid(614617124cfe3dc45b738dfa8d9f79e0) Importer(815301076,1909f56bfc062723c751e8b465ee728b)  -> (artifact id: 'aa6a8512ae053bfc6b1b3132212496b5') in 0.044921 seconds 
========================================================================
Received Import Request.
  Time since last request: 0.000045 seconds.
  path: Assets/Art/Models/FBX format/wall.fbx
  artifactKey: Guid(7b8a72c163c5f83498ffd8bf32a7a0f6) Importer(815301076,1909f56bfc062723c751e8b465ee728b)
Start importing Assets/Art/Models/FBX format/wall.fbx using Guid(7b8a72c163c5f83498ffd8bf32a7a0f6) Importer(815301076,1909f56bfc062723c751e8b465ee728b)  -> (artifact id: '200e5aba19e88c9e9730dad2ce687774') in 0.030562 seconds 
========================================================================
Received Import Request.
  Time since last request: 0.000029 seconds.
  path: Assets/Art/Models/FBX format/wall-door-rotate.fbx
  artifactKey: Guid(4cc58fe95f5ccdc47a571d003d296e22) Importer(815301076,1909f56bfc062723c751e8b465ee728b)
Start importing Assets/Art/Models/FBX format/wall-door-rotate.fbx using Guid(4cc58fe95f5ccdc47a571d003d296e22) Importer(815301076,1909f56bfc062723c751e8b465ee728b)  -> (artifact id: 'eaf23dac8a0467b396115681b36946f9') in 0.071987 seconds 
========================================================================
Received Import Request.
  Time since last request: 0.000040 seconds.
  path: Assets/Art/Models/FBX format/cash-register.fbx
  artifactKey: Guid(7ddf38c06992a12418cc24f78b6424b2) Importer(815301076,1909f56bfc062723c751e8b465ee728b)
Start importing Assets/Art/Models/FBX format/cash-register.fbx using Guid(7ddf38c06992a12418cc24f78b6424b2) Importer(815301076,1909f56bfc062723c751e8b465ee728b)  -> (artifact id: '76d257728e1de902c37522c9a3f4443b') in 0.027500 seconds 
========================================================================
Received Import Request.
  Time since last request: 0.000032 seconds.
  path: Assets/Art/Models/FBX format/dance-machine.fbx
  artifactKey: Guid(771880c23ba1a1748b63e44e1953b45a) Importer(815301076,1909f56bfc062723c751e8b465ee728b)
Start importing Assets/Art/Models/FBX format/dance-machine.fbx using Guid(771880c23ba1a1748b63e44e1953b45a) Importer(815301076,1909f56bfc062723c751e8b465ee728b)  -> (artifact id: '0495f6be37c6d48f65fd7eb8501b8ca2') in 0.037662 seconds 
========================================================================
Received Import Request.
  Time since last request: 0.000040 seconds.
  path: Assets/Art/Models/FBX format/vending-machine.fbx
  artifactKey: Guid(fdd65ae2d6a455c41846910ee549f76f) Importer(815301076,1909f56bfc062723c751e8b465ee728b)
Start importing Assets/Art/Models/FBX format/vending-machine.fbx using Guid(fdd65ae2d6a455c41846910ee549f76f) Importer(815301076,1909f56bfc062723c751e8b465ee728b)  -> (artifact id: '6de2e3eeee39892a40a206d194319eb6') in 0.027235 seconds 
========================================================================
Received Import Request.
  Time since last request: 0.000047 seconds.
  path: Assets/Art/Models/FBX format/pinball.fbx
  artifactKey: Guid(f9812637feec6af49bf60f65098a74de) Importer(815301076,1909f56bfc062723c751e8b465ee728b)
Start importing Assets/Art/Models/FBX format/pinball.fbx using Guid(f9812637feec6af49bf60f65098a74de) Importer(815301076,1909f56bfc062723c751e8b465ee728b)  -> (artifact id: '8edb767fb9f226da591576a9428a4429') in 1.364428 seconds 
========================================================================
Received Import Request.
  Time since last request: 0.000032 seconds.
  path: Assets/Art/Models/FBX format/wall-window.fbx
  artifactKey: Guid(0704d60492034c545918b21b14c103ed) Importer(815301076,1909f56bfc062723c751e8b465ee728b)
Start importing Assets/Art/Models/FBX format/wall-window.fbx using Guid(0704d60492034c545918b21b14c103ed) Importer(815301076,1909f56bfc062723c751e8b465ee728b)  -> (artifact id: 'eec8ae3244326da5b2c8649e6cac7449') in 0.036339 seconds 
Editor requested this worker to shutdown with reason: Scaling down because of idle timeout
AssetImportWorker is now disconnected from the server
Process exiting
Exiting without the bug reporter. Application will terminate with return code 0